C:\USERS\SCOTT\DOCUMENTS\VISUAL STUDIO 2012\PROJECTS\2D_FRAMEWORK\2D_FRAMEWORK\DEBUG\CAMERA.CPP.NATIVECODEANALYSIS.XML
C:\USERS\SCOTT\DOCUMENTS\VISUAL STUDIO 2012\PROJECTS\2D_FRAMEWORK\2D_FRAMEWORK\DEBUG\CAMERA.OBJ
C:\USERS\SCOTT\DOCUMENTS\VISUAL STUDIO 2012\PROJECTS\2D_FRAMEWORK\2D_FRAMEWORK\DEBUG\VC110.PDB
C:\USERS\SCOTT\DOCUMENTS\VISUAL STUDIO 2012\PROJECTS\2D_FRAMEWORK\2D_FRAMEWORK\DEBUG\CHUNK.CPP.NATIVECODEANALYSIS.XML
C:\USERS\SCOTT\DOCUMENTS\VISUAL STUDIO 2012\PROJECTS\2D_FRAMEWORK\2D_FRAMEWORK\DEBUG\CHUNK.OBJ
C:\USERS\SCOTT\DOCUMENTS\VISUAL STUDIO 2012\PROJECTS\2D_FRAMEWORK\2D_FRAMEWORK\DEBUG\CHUNKMANAGER.CPP.NATIVECODEANALYSIS.XML
C:\USERS\SCOTT\DOCUMENTS\VISUAL STUDIO 2012\PROJECTS\2D_FRAMEWORK\2D_FRAMEWORK\DEBUG\CHUNKMANAGER.OBJ
C:\USERS\SCOTT\DOCUMENTS\VISUAL STUDIO 2012\PROJECTS\2D_FRAMEWORK\2D_FRAMEWORK\DEBUG\CLOCK.CPP.NATIVECODEANALYSIS.XML
C:\USERS\SCOTT\DOCUMENTS\VISUAL STUDIO 2012\PROJECTS\2D_FRAMEWORK\2D_FRAMEWORK\DEBUG\CLOCK.OBJ
C:\USERS\SCOTT\DOCUMENTS\VISUAL STUDIO 2012\PROJECTS\2D_FRAMEWORK\2D_FRAMEWORK\DEBUG\ENTITY.CPP.NATIVECODEANALYSIS.XML
C:\USERS\SCOTT\DOCUMENTS\VISUAL STUDIO 2012\PROJECTS\2D_FRAMEWORK\2D_FRAMEWORK\DEBUG\ENTITY.OBJ
C:\USERS\SCOTT\DOCUMENTS\VISUAL STUDIO 2012\PROJECTS\2D_FRAMEWORK\2D_FRAMEWORK\DEBUG\FINLEHELPER.CPP.NATIVECODEANALYSIS.XML
C:\USERS\SCOTT\DOCUMENTS\VISUAL STUDIO 2012\PROJECTS\2D_FRAMEWORK\2D_FRAMEWORK\DEBUG\FINLEHELPER.OBJ
C:\USERS\SCOTT\DOCUMENTS\VISUAL STUDIO 2012\PROJECTS\2D_FRAMEWORK\2D_FRAMEWORK\DEBUG\FIRSTPERSONCONTROLLER.CPP.NATIVECODEANALYSIS.XML
C:\USERS\SCOTT\DOCUMENTS\VISUAL STUDIO 2012\PROJECTS\2D_FRAMEWORK\2D_FRAMEWORK\DEBUG\FIRSTPERSONCONTROLLER.OBJ
C:\USERS\SCOTT\DOCUMENTS\VISUAL STUDIO 2012\PROJECTS\2D_FRAMEWORK\2D_FRAMEWORK\DEBUG\FRUSTUM.CPP.NATIVECODEANALYSIS.XML
C:\USERS\SCOTT\DOCUMENTS\VISUAL STUDIO 2012\PROJECTS\2D_FRAMEWORK\2D_FRAMEWORK\DEBUG\FRUSTUM.OBJ
C:\USERS\SCOTT\DOCUMENTS\VISUAL STUDIO 2012\PROJECTS\2D_FRAMEWORK\2D_FRAMEWORK\DEBUG\GRAPHICS.CPP.NATIVECODEANALYSIS.XML
C:\USERS\SCOTT\DOCUMENTS\VISUAL STUDIO 2012\PROJECTS\2D_FRAMEWORK\2D_FRAMEWORK\DEBUG\GRAPHICS.OBJ
C:\USERS\SCOTT\DOCUMENTS\VISUAL STUDIO 2012\PROJECTS\2D_FRAMEWORK\2D_FRAMEWORK\DEBUG\MAIN.CPP.NATIVECODEANALYSIS.XML
C:\USERS\SCOTT\DOCUMENTS\VISUAL STUDIO 2012\PROJECTS\2D_FRAMEWORK\2D_FRAMEWORK\DEBUG\MAIN.OBJ
C:\USERS\SCOTT\DOCUMENTS\VISUAL STUDIO 2012\PROJECTS\2D_FRAMEWORK\2D_FRAMEWORK\DEBUG\MESH.CPP.NATIVECODEANALYSIS.XML
C:\USERS\SCOTT\DOCUMENTS\VISUAL STUDIO 2012\PROJECTS\2D_FRAMEWORK\2D_FRAMEWORK\DEBUG\MESH.OBJ
C:\USERS\SCOTT\DOCUMENTS\VISUAL STUDIO 2012\PROJECTS\2D_FRAMEWORK\2D_FRAMEWORK\DEBUG\RECTANGLE.CPP.NATIVECODEANALYSIS.XML
C:\USERS\SCOTT\DOCUMENTS\VISUAL STUDIO 2012\PROJECTS\2D_FRAMEWORK\2D_FRAMEWORK\DEBUG\RECTANGLE.OBJ
C:\USERS\SCOTT\DOCUMENTS\VISUAL STUDIO 2012\PROJECTS\2D_FRAMEWORK\2D_FRAMEWORK\DEBUG\VECTOR2.CPP.NATIVECODEANALYSIS.XML
C:\USERS\SCOTT\DOCUMENTS\VISUAL STUDIO 2012\PROJECTS\2D_FRAMEWORK\2D_FRAMEWORK\DEBUG\VECTOR2.OBJ
C:\USERS\SCOTT\DOCUMENTS\VISUAL STUDIO 2012\PROJECTS\2D_FRAMEWORK\2D_FRAMEWORK\DEBUG\WORLD.CPP.NATIVECODEANALYSIS.XML
C:\USERS\SCOTT\DOCUMENTS\VISUAL STUDIO 2012\PROJECTS\2D_FRAMEWORK\2D_FRAMEWORK\DEBUG\WORLD.OBJ
C:\USERS\SCOTT\DOCUMENTS\VISUAL STUDIO 2012\PROJECTS\2D_FRAMEWORK\2D_FRAMEWORK\DEBUG\SIMPLEXNOISE1234.CPP.NATIVECODEANALYSIS.XML
C:\USERS\SCOTT\DOCUMENTS\VISUAL STUDIO 2012\PROJECTS\2D_FRAMEWORK\2D_FRAMEWORK\DEBUG\SIMPLEXNOISE1234.OBJ
C:\USERS\SCOTT\DOCUMENTS\VISUAL STUDIO 2012\PROJECTS\2D_FRAMEWORK\DEBUG\2D_FRAMEWORK.ILK
C:\USERS\SCOTT\DOCUMENTS\VISUAL STUDIO 2012\PROJECTS\2D_FRAMEWORK\DEBUG\2D_FRAMEWORK.EXE
C:\USERS\SCOTT\DOCUMENTS\VISUAL STUDIO 2012\PROJECTS\2D_FRAMEWORK\DEBUG\2D_FRAMEWORK.PDB
C:\Users\Scott\documents\visual studio 2012\Projects\2d_Framework\2d_Framework\Debug\Camera.obj
C:\Users\Scott\documents\visual studio 2012\Projects\2d_Framework\2d_Framework\Debug\Chunk.obj
C:\Users\Scott\documents\visual studio 2012\Projects\2d_Framework\2d_Framework\Debug\ChunkManager.obj
C:\Users\Scott\documents\visual studio 2012\Projects\2d_Framework\2d_Framework\Debug\Clock.obj
C:\Users\Scott\documents\visual studio 2012\Projects\2d_Framework\2d_Framework\Debug\Entity.obj
C:\Users\Scott\documents\visual studio 2012\Projects\2d_Framework\2d_Framework\Debug\FinleHelper.obj
C:\Users\Scott\documents\visual studio 2012\Projects\2d_Framework\2d_Framework\Debug\FirstPersonController.obj
C:\Users\Scott\documents\visual studio 2012\Projects\2d_Framework\2d_Framework\Debug\Frustum.obj
C:\Users\Scott\documents\visual studio 2012\Projects\2d_Framework\2d_Framework\Debug\Graphics.obj
C:\Users\Scott\documents\visual studio 2012\Projects\2d_Framework\2d_Framework\Debug\main.obj
C:\Users\Scott\documents\visual studio 2012\Projects\2d_Framework\2d_Framework\Debug\Mesh.obj
C:\Users\Scott\documents\visual studio 2012\Projects\2d_Framework\2d_Framework\Debug\Rectangle.obj
C:\Users\Scott\documents\visual studio 2012\Projects\2d_Framework\2d_Framework\Debug\SimplexNoise1234.obj
C:\Users\Scott\documents\visual studio 2012\Projects\2d_Framework\2d_Framework\Debug\Vector2.obj
C:\Users\Scott\documents\visual studio 2012\Projects\2d_Framework\2d_Framework\Debug\World.obj
C:\Users\Scott\documents\visual studio 2012\Projects\2d_Framework\2d_Framework\Debug\cl.command.1.tlog
C:\Users\Scott\documents\visual studio 2012\Projects\2d_Framework\2d_Framework\Debug\CL.read.1.tlog
C:\Users\Scott\documents\visual studio 2012\Projects\2d_Framework\2d_Framework\Debug\CL.write.1.tlog
C:\Users\Scott\documents\visual studio 2012\Projects\2d_Framework\2d_Framework\Debug\link-cvtres.read.1.tlog
C:\Users\Scott\documents\visual studio 2012\Projects\2d_Framework\2d_Framework\Debug\link-cvtres.write.1.tlog
C:\Users\Scott\documents\visual studio 2012\Projects\2d_Framework\2d_Framework\Debug\link-rc.read.1.tlog
C:\Users\Scott\documents\visual studio 2012\Projects\2d_Framework\2d_Framework\Debug\link-rc.write.1.tlog
C:\Users\Scott\documents\visual studio 2012\Projects\2d_Framework\2d_Framework\Debug\link.10060-cvtres.read.1.tlog
C:\Users\Scott\documents\visual studio 2012\Projects\2d_Framework\2d_Framework\Debug\link.10060-cvtres.write.1.tlog
C:\Users\Scott\documents\visual studio 2012\Projects\2d_Framework\2d_Framework\Debug\link.10060-rc.read.1.tlog
C:\Users\Scott\documents\visual studio 2012\Projects\2d_Framework\2d_Framework\Debug\link.10060-rc.write.1.tlog
C:\Users\Scott\documents\visual studio 2012\Projects\2d_Framework\2d_Framework\Debug\link.10060.read.1.tlog
C:\Users\Scott\documents\visual studio 2012\Projects\2d_Framework\2d_Framework\Debug\link.10060.write.1.tlog
C:\Users\Scott\documents\visual studio 2012\Projects\2d_Framework\2d_Framework\Debug\link.10132-cvtres.read.1.tlog
C:\Users\Scott\documents\visual studio 2012\Projects\2d_Framework\2d_Framework\Debug\link.10132-cvtres.write.1.tlog
C:\Users\Scott\documents\visual studio 2012\Projects\2d_Framework\2d_Framework\Debug\link.10132-rc.read.1.tlog
C:\Users\Scott\documents\visual studio 2012\Projects\2d_Framework\2d_Framework\Debug\link.10132-rc.write.1.tlog
C:\Users\Scott\documents\visual studio 2012\Projects\2d_Framework\2d_Framework\Debug\link.10132.read.1.tlog
C:\Users\Scott\documents\visual studio 2012\Projects\2d_Framework\2d_Framework\Debug\link.10132.write.1.tlog
C:\Users\Scott\documents\visual studio 2012\Projects\2d_Framework\2d_Framework\Debug\link.10176-cvtres.read.1.tlog
C:\Users\Scott\documents\visual studio 2012\Projects\2d_Framework\2d_Framework\Debug\link.10176-cvtres.write.1.tlog
C:\Users\Scott\documents\visual studio 2012\Projects\2d_Framework\2d_Framework\Debug\link.10176-rc.read.1.tlog
C:\Users\Scott\documents\visual studio 2012\Projects\2d_Framework\2d_Framework\Debug\link.10176-rc.write.1.tlog
C:\Users\Scott\documents\visual studio 2012\Projects\2d_Framework\2d_Framework\Debug\link.10176.read.1.tlog
C:\Users\Scott\documents\visual studio 2012\Projects\2d_Framework\2d_Framework\Debug\link.10176.write.1.tlog
C:\Users\Scott\documents\visual studio 2012\Projects\2d_Framework\2d_Framework\Debug\link.10272-cvtres.read.1.tlog
C:\Users\Scott\documents\visual studio 2012\Projects\2d_Framework\2d_Framework\Debug\link.10272-cvtres.write.1.tlog
C:\Users\Scott\documents\visual studio 2012\Projects\2d_Framework\2d_Framework\Debug\link.10272-rc.read.1.tlog
C:\Users\Scott\documents\visual studio 2012\Projects\2d_Framework\2d_Framework\Debug\link.10272-rc.write.1.tlog
C:\Users\Scott\documents\visual studio 2012\Projects\2d_Framework\2d_Framework\Debug\link.10272.read.1.tlog
C:\Users\Scott\documents\visual studio 2012\Projects\2d_Framework\2d_Framework\Debug\link.10272.write.1.tlog
C:\Users\Scott\documents\visual studio 2012\Projects\2d_Framework\2d_Framework\Debug\link.10348-cvtres.read.1.tlog
C:\Users\Scott\documents\visual studio 2012\Projects\2d_Framework\2d_Framework\Debug\link.10348-cvtres.write.1.tlog
C:\Users\Scott\documents\visual studio 2012\Projects\2d_Framework\2d_Framework\Debug\link.10348-rc.read.1.tlog
C:\Users\Scott\documents\visual studio 2012\Projects\2d_Framework\2d_Framework\Debug\link.10348-rc.write.1.tlog
C:\Users\Scott\documents\visual studio 2012\Projects\2d_Framework\2d_Framework\Debug\link.10348.read.1.tlog
C:\Users\Scott\documents\visual studio 2012\Projects\2d_Framework\2d_Framework\Debug\link.10348.write.1.tlog
C:\Users\Scott\documents\visual studio 2012\Projects\2d_Framework\2d_Framework\Debug\link.10488-cvtres.read.1.tlog
C:\Users\Scott\documents\visual studio 2012\Projects\2d_Framework\2d_Framework\Debug\link.10488-cvtres.write.1.tlog
C:\Users\Scott\documents\visual studio 2012\Projects\2d_Framework\2d_Framework\Debug\link.10488-rc.read.1.tlog
C:\Users\Scott\documents\visual studio 2012\Projects\2d_Framework\2d_Framework\Debug\link.10488-rc.write.1.tlog
C:\Users\Scott\documents\visual studio 2012\Projects\2d_Framework\2d_Framework\Debug\link.10488.read.1.tlog
C:\Users\Scott\documents\visual studio 2012\Projects\2d_Framework\2d_Framework\Debug\link.10488.write.1.tlog
C:\Users\Scott\documents\visual studio 2012\Projects\2d_Framework\2d_Framework\Debug\link.10580-cvtres.read.1.tlog
C:\Users\Scott\documents\visual studio 2012\Projects\2d_Framework\2d_Framework\Debug\link.10580-cvtres.write.1.tlog
C:\Users\Scott\documents\visual studio 2012\Projects\2d_Framework\2d_Framework\Debug\link.10580-rc.read.1.tlog
C:\Users\Scott\documents\visual studio 2012\Projects\2d_Framework\2d_Framework\Debug\link.10580-rc.write.1.tlog
C:\Users\Scott\documents\visual studio 2012\Projects\2d_Framework\2d_Framework\Debug\link.10580.read.1.tlog
C:\Users\Scott\documents\visual studio 2012\Projects\2d_Framework\2d_Framework\Debug\link.10580.write.1.tlog
C:\Users\Scott\documents\visual studio 2012\Projects\2d_Framework\2d_Framework\Debug\link.10680-cvtres.read.1.tlog
C:\Users\Scott\documents\visual studio 2012\Projects\2d_Framework\2d_Framework\Debug\link.10680-cvtres.write.1.tlog
C:\Users\Scott\documents\visual studio 2012\Projects\2d_Framework\2d_Framework\Debug\link.10680-rc.read.1.tlog
C:\Users\Scott\documents\visual studio 2012\Projects\2d_Framework\2d_Framework\Debug\link.10680-rc.write.1.tlog
C:\Users\Scott\documents\visual studio 2012\Projects\2d_Framework\2d_Framework\Debug\link.10680.read.1.tlog
C:\Users\Scott\documents\visual studio 2012\Projects\2d_Framework\2d_Framework\Debug\link.10680.write.1.tlog
C:\Users\Scott\documents\visual studio 2012\Projects\2d_Framework\2d_Framework\Debug\link.10748-cvtres.read.1.tlog
C:\Users\Scott\documents\visual studio 2012\Projects\2d_Framework\2d_Framework\Debug\link.10748-cvtres.write.1.tlog
C:\Users\Scott\documents\visual studio 2012\Projects\2d_Framework\2d_Framework\Debug\link.10748-rc.read.1.tlog
C:\Users\Scott\documents\visual studio 2012\Projects\2d_Framework\2d_Framework\Debug\link.10748-rc.write.1.tlog
C:\Users\Scott\documents\visual studio 2012\Projects\2d_Framework\2d_Framework\Debug\link.10748.read.1.tlog
C:\Users\Scott\documents\visual studio 2012\Projects\2d_Framework\2d_Framework\Debug\link.10748.write.1.tlog
C:\Users\Scott\documents\visual studio 2012\Projects\2d_Framework\2d_Framework\Debug\link.10756-cvtres.read.1.tlog
C:\Users\Scott\documents\visual studio 2012\Projects\2d_Framework\2d_Framework\Debug\link.10756-cvtres.write.1.tlog
C:\Users\Scott\documents\visual studio 2012\Projects\2d_Framework\2d_Framework\Debug\link.10756-rc.read.1.tlog
C:\Users\Scott\documents\visual studio 2012\Projects\2d_Framework\2d_Framework\Debug\link.10756-rc.write.1.tlog
C:\Users\Scott\documents\visual studio 2012\Projects\2d_Framework\2d_Framework\Debug\link.10756.read.1.tlog
C:\Users\Scott\documents\visual studio 2012\Projects\2d_Framework\2d_Framework\Debug\link.10756.write.1.tlog
C:\Users\Scott\documents\visual studio 2012\Projects\2d_Framework\2d_Framework\Debug\link.10760-cvtres.read.1.tlog
C:\Users\Scott\documents\visual studio 2012\Projects\2d_Framework\2d_Framework\Debug\link.10760-cvtres.write.1.tlog
C:\Users\Scott\documents\visual studio 2012\Projects\2d_Framework\2d_Framework\Debug\link.10760-rc.read.1.tlog
C:\Users\Scott\documents\visual studio 2012\Projects\2d_Framework\2d_Framework\Debug\link.10760-rc.write.1.tlog
C:\Users\Scott\documents\visual studio 2012\Projects\2d_Framework\2d_Framework\Debug\link.10760.read.1.tlog
C:\Users\Scott\documents\visual studio 2012\Projects\2d_Framework\2d_Framework\Debug\link.10760.write.1.tlog
C:\Users\Scott\documents\visual studio 2012\Projects\2d_Framework\2d_Framework\Debug\link.10940-cvtres.read.1.tlog
C:\Users\Scott\documents\visual studio 2012\Projects\2d_Framework\2d_Framework\Debug\link.10940-cvtres.write.1.tlog
C:\Users\Scott\documents\visual studio 2012\Projects\2d_Framework\2d_Framework\Debug\link.10940-rc.read.1.tlog
C:\Users\Scott\documents\visual studio 2012\Projects\2d_Framework\2d_Framework\Debug\link.10940-rc.write.1.tlog
C:\Users\Scott\documents\visual studio 2012\Projects\2d_Framework\2d_Framework\Debug\link.10940.read.1.tlog
C:\Users\Scott\documents\visual studio 2012\Projects\2d_Framework\2d_Framework\Debug\link.10940.write.1.tlog
C:\Users\Scott\documents\visual studio 2012\Projects\2d_Framework\2d_Framework\Debug\link.11028-cvtres.read.1.tlog
C:\Users\Scott\documents\visual studio 2012\Projects\2d_Framework\2d_Framework\Debug\link.11028-cvtres.write.1.tlog
C:\Users\Scott\documents\visual studio 2012\Projects\2d_Framework\2d_Framework\Debug\link.11028-rc.read.1.tlog
C:\Users\Scott\documents\visual studio 2012\Projects\2d_Framework\2d_Framework\Debug\link.11028-rc.write.1.tlog
C:\Users\Scott\documents\visual studio 2012\Projects\2d_Framework\2d_Framework\Debug\link.11028.read.1.tlog
C:\Users\Scott\documents\visual studio 2012\Projects\2d_Framework\2d_Framework\Debug\link.11028.write.1.tlog
C:\Users\Scott\documents\visual studio 2012\Projects\2d_Framework\2d_Framework\Debug\link.11236-cvtres.read.1.tlog
C:\Users\Scott\documents\visual studio 2012\Projects\2d_Framework\2d_Framework\Debug\link.11236-cvtres.write.1.tlog
C:\Users\Scott\documents\visual studio 2012\Projects\2d_Framework\2d_Framework\Debug\link.11236-rc.read.1.tlog
C:\Users\Scott\documents\visual studio 2012\Projects\2d_Framework\2d_Framework\Debug\link.11236-rc.write.1.tlog
C:\Users\Scott\documents\visual studio 2012\Projects\2d_Framework\2d_Framework\Debug\link.11236.read.1.tlog
C:\Users\Scott\documents\visual studio 2012\Projects\2d_Framework\2d_Framework\Debug\link.11236.write.1.tlog
C:\Users\Scott\documents\visual studio 2012\Projects\2d_Framework\2d_Framework\Debug\link.11656-cvtres.read.1.tlog
C:\Users\Scott\documents\visual studio 2012\Projects\2d_Framework\2d_Framework\Debug\link.11656-cvtres.write.1.tlog
C:\Users\Scott\documents\visual studio 2012\Projects\2d_Framework\2d_Framework\Debug\link.11656-rc.read.1.tlog
C:\Users\Scott\documents\visual studio 2012\Projects\2d_Framework\2d_Framework\Debug\link.11656-rc.write.1.tlog
C:\Users\Scott\documents\visual studio 2012\Projects\2d_Framework\2d_Framework\Debug\link.11656.read.1.tlog
C:\Users\Scott\documents\visual studio 2012\Projects\2d_Framework\2d_Framework\Debug\link.11656.write.1.tlog
C:\Users\Scott\documents\visual studio 2012\Projects\2d_Framework\2d_Framework\Debug\link.1172-cvtres.read.1.tlog
C:\Users\Scott\documents\visual studio 2012\Projects\2d_Framework\2d_Framework\Debug\link.1172-cvtres.write.1.tlog
C:\Users\Scott\documents\visual studio 2012\Projects\2d_Framework\2d_Framework\Debug\link.1172-rc.read.1.tlog
C:\Users\Scott\documents\visual studio 2012\Projects\2d_Framework\2d_Framework\Debug\link.1172-rc.write.1.tlog
C:\Users\Scott\documents\visual studio 2012\Projects\2d_Framework\2d_Framework\Debug\link.1172.read.1.tlog
C:\Users\Scott\documents\visual studio 2012\Projects\2d_Framework\2d_Framework\Debug\link.1172.write.1.tlog
C:\Users\Scott\documents\visual studio 2012\Projects\2d_Framework\2d_Framework\Debug\link.1436-cvtres.read.1.tlog
C:\Users\Scott\documents\visual studio 2012\Projects\2d_Framework\2d_Framework\Debug\link.1436-cvtres.write.1.tlog
C:\Users\Scott\documents\visual studio 2012\Projects\2d_Framework\2d_Framework\Debug\link.1436-rc.read.1.tlog
C:\Users\Scott\documents\visual studio 2012\Projects\2d_Framework\2d_Framework\Debug\link.1436-rc.write.1.tlog
C:\Users\Scott\documents\visual studio 2012\Projects\2d_Framework\2d_Framework\Debug\link.1436.read.1.tlog
C:\Users\Scott\documents\visual studio 2012\Projects\2d_Framework\2d_Framework\Debug\link.1436.write.1.tlog
C:\Users\Scott\documents\visual studio 2012\Projects\2d_Framework\2d_Framework\Debug\link.1808-cvtres.read.1.tlog
C:\Users\Scott\documents\visual studio 2012\Projects\2d_Framework\2d_Framework\Debug\link.1808-cvtres.write.1.tlog
C:\Users\Scott\documents\visual studio 2012\Projects\2d_Framework\2d_Framework\Debug\link.1808-rc.read.1.tlog
C:\Users\Scott\documents\visual studio 2012\Projects\2d_Framework\2d_Framework\Debug\link.1808-rc.write.1.tlog
C:\Users\Scott\documents\visual studio 2012\Projects\2d_Framework\2d_Framework\Debug\link.1808.read.1.tlog
C:\Users\Scott\documents\visual studio 2012\Projects\2d_Framework\2d_Framework\Debug\link.1808.write.1.tlog
C:\Users\Scott\documents\visual studio 2012\Projects\2d_Framework\2d_Framework\Debug\link.2648-cvtres.read.1.tlog
C:\Users\Scott\documents\visual studio 2012\Projects\2d_Framework\2d_Framework\Debug\link.2648-cvtres.write.1.tlog
C:\Users\Scott\documents\visual studio 2012\Projects\2d_Framework\2d_Framework\Debug\link.2648-rc.read.1.tlog
C:\Users\Scott\documents\visual studio 2012\Projects\2d_Framework\2d_Framework\Debug\link.2648-rc.write.1.tlog
C:\Users\Scott\documents\visual studio 2012\Projects\2d_Framework\2d_Framework\Debug\link.2648.read.1.tlog
C:\Users\Scott\documents\visual studio 2012\Projects\2d_Framework\2d_Framework\Debug\link.2648.write.1.tlog
C:\Users\Scott\documents\visual studio 2012\Projects\2d_Framework\2d_Framework\Debug\link.3172-cvtres.read.1.tlog
C:\Users\Scott\documents\visual studio 2012\Projects\2d_Framework\2d_Framework\Debug\link.3172-cvtres.write.1.tlog
C:\Users\Scott\documents\visual studio 2012\Projects\2d_Framework\2d_Framework\Debug\link.3172-rc.read.1.tlog
C:\Users\Scott\documents\visual studio 2012\Projects\2d_Framework\2d_Framework\Debug\link.3172-rc.write.1.tlog
C:\Users\Scott\documents\visual studio 2012\Projects\2d_Framework\2d_Framework\Debug\link.3172.read.1.tlog
C:\Users\Scott\documents\visual studio 2012\Projects\2d_Framework\2d_Framework\Debug\link.3172.write.1.tlog
C:\Users\Scott\documents\visual studio 2012\Projects\2d_Framework\2d_Framework\Debug\link.3760-cvtres.read.1.tlog
C:\Users\Scott\documents\visual studio 2012\Projects\2d_Framework\2d_Framework\Debug\link.3760-cvtres.write.1.tlog
C:\Users\Scott\documents\visual studio 2012\Projects\2d_Framework\2d_Framework\Debug\link.3760-rc.read.1.tlog
C:\Users\Scott\documents\visual studio 2012\Projects\2d_Framework\2d_Framework\Debug\link.3760-rc.write.1.tlog
C:\Users\Scott\documents\visual studio 2012\Projects\2d_Framework\2d_Framework\Debug\link.3760.read.1.tlog
C:\Users\Scott\documents\visual studio 2012\Projects\2d_Framework\2d_Framework\Debug\link.3760.write.1.tlog
C:\Users\Scott\documents\visual studio 2012\Projects\2d_Framework\2d_Framework\Debug\link.4580-cvtres.read.1.tlog
C:\Users\Scott\documents\visual studio 2012\Projects\2d_Framework\2d_Framework\Debug\link.4580-cvtres.write.1.tlog
C:\Users\Scott\documents\visual studio 2012\Projects\2d_Framework\2d_Framework\Debug\link.4580-rc.read.1.tlog
C:\Users\Scott\documents\visual studio 2012\Projects\2d_Framework\2d_Framework\Debug\link.4580-rc.write.1.tlog
C:\Users\Scott\documents\visual studio 2012\Projects\2d_Framework\2d_Framework\Debug\link.4580.read.1.tlog
C:\Users\Scott\documents\visual studio 2012\Projects\2d_Framework\2d_Framework\Debug\link.4580.write.1.tlog
C:\Users\Scott\documents\visual studio 2012\Projects\2d_Framework\2d_Framework\Debug\link.5112-cvtres.read.1.tlog
C:\Users\Scott\documents\visual studio 2012\Projects\2d_Framework\2d_Framework\Debug\link.5112-cvtres.write.1.tlog
C:\Users\Scott\documents\visual studio 2012\Projects\2d_Framework\2d_Framework\Debug\link.5112-rc.read.1.tlog
C:\Users\Scott\documents\visual studio 2012\Projects\2d_Framework\2d_Framework\Debug\link.5112-rc.write.1.tlog
C:\Users\Scott\documents\visual studio 2012\Projects\2d_Framework\2d_Framework\Debug\link.5112.read.1.tlog
C:\Users\Scott\documents\visual studio 2012\Projects\2d_Framework\2d_Framework\Debug\link.5112.write.1.tlog
C:\Users\Scott\documents\visual studio 2012\Projects\2d_Framework\2d_Framework\Debug\link.5328-cvtres.read.1.tlog
C:\Users\Scott\documents\visual studio 2012\Projects\2d_Framework\2d_Framework\Debug\link.5328-cvtres.write.1.tlog
C:\Users\Scott\documents\visual studio 2012\Projects\2d_Framework\2d_Framework\Debug\link.5328-rc.read.1.tlog
C:\Users\Scott\documents\visual studio 2012\Projects\2d_Framework\2d_Framework\Debug\link.5328-rc.write.1.tlog
C:\Users\Scott\documents\visual studio 2012\Projects\2d_Framework\2d_Framework\Debug\link.5328.read.1.tlog
C:\Users\Scott\documents\visual studio 2012\Projects\2d_Framework\2d_Framework\Debug\link.5328.write.1.tlog
C:\Users\Scott\documents\visual studio 2012\Projects\2d_Framework\2d_Framework\Debug\link.5712-cvtres.read.1.tlog
C:\Users\Scott\documents\visual studio 2012\Projects\2d_Framework\2d_Framework\Debug\link.5712-cvtres.write.1.tlog
C:\Users\Scott\documents\visual studio 2012\Projects\2d_Framework\2d_Framework\Debug\link.5712-rc.read.1.tlog
C:\Users\Scott\documents\visual studio 2012\Projects\2d_Framework\2d_Framework\Debug\link.5712-rc.write.1.tlog
C:\Users\Scott\documents\visual studio 2012\Projects\2d_Framework\2d_Framework\Debug\link.5712.read.1.tlog
C:\Users\Scott\documents\visual studio 2012\Projects\2d_Framework\2d_Framework\Debug\link.5712.write.1.tlog
C:\Users\Scott\documents\visual studio 2012\Projects\2d_Framework\2d_Framework\Debug\link.5872-cvtres.read.1.tlog
C:\Users\Scott\documents\visual studio 2012\Projects\2d_Framework\2d_Framework\Debug\link.5872-cvtres.write.1.tlog
C:\Users\Scott\documents\visual studio 2012\Projects\2d_Framework\2d_Framework\Debug\link.5872-rc.read.1.tlog
C:\Users\Scott\documents\visual studio 2012\Projects\2d_Framework\2d_Framework\Debug\link.5872-rc.write.1.tlog
C:\Users\Scott\documents\visual studio 2012\Projects\2d_Framework\2d_Framework\Debug\link.5872.read.1.tlog
C:\Users\Scott\documents\visual studio 2012\Projects\2d_Framework\2d_Framework\Debug\link.5872.write.1.tlog
C:\Users\Scott\documents\visual studio 2012\Projects\2d_Framework\2d_Framework\Debug\link.5896-cvtres.read.1.tlog
C:\Users\Scott\documents\visual studio 2012\Projects\2d_Framework\2d_Framework\Debug\link.5896-cvtres.write.1.tlog
C:\Users\Scott\documents\visual studio 2012\Projects\2d_Framework\2d_Framework\Debug\link.5896-rc.read.1.tlog
C:\Users\Scott\documents\visual studio 2012\Projects\2d_Framework\2d_Framework\Debug\link.5896-rc.write.1.tlog
C:\Users\Scott\documents\visual studio 2012\Projects\2d_Framework\2d_Framework\Debug\link.5896.read.1.tlog
C:\Users\Scott\documents\visual studio 2012\Projects\2d_Framework\2d_Framework\Debug\link.5896.write.1.tlog
C:\Users\Scott\documents\visual studio 2012\Projects\2d_Framework\2d_Framework\Debug\link.6584-cvtres.read.1.tlog
C:\Users\Scott\documents\visual studio 2012\Projects\2d_Framework\2d_Framework\Debug\link.6584-cvtres.write.1.tlog
C:\Users\Scott\documents\visual studio 2012\Projects\2d_Framework\2d_Framework\Debug\link.6584-rc.read.1.tlog
C:\Users\Scott\documents\visual studio 2012\Projects\2d_Framework\2d_Framework\Debug\link.6584-rc.write.1.tlog
C:\Users\Scott\documents\visual studio 2012\Projects\2d_Framework\2d_Framework\Debug\link.6584.read.1.tlog
C:\Users\Scott\documents\visual studio 2012\Projects\2d_Framework\2d_Framework\Debug\link.6584.write.1.tlog
C:\Users\Scott\documents\visual studio 2012\Projects\2d_Framework\2d_Framework\Debug\link.6592-cvtres.read.1.tlog
C:\Users\Scott\documents\visual studio 2012\Projects\2d_Framework\2d_Framework\Debug\link.6592-cvtres.write.1.tlog
C:\Users\Scott\documents\visual studio 2012\Projects\2d_Framework\2d_Framework\Debug\link.6592-rc.read.1.tlog
C:\Users\Scott\documents\visual studio 2012\Projects\2d_Framework\2d_Framework\Debug\link.6592-rc.write.1.tlog
C:\Users\Scott\documents\visual studio 2012\Projects\2d_Framework\2d_Framework\Debug\link.6592.read.1.tlog
C:\Users\Scott\documents\visual studio 2012\Projects\2d_Framework\2d_Framework\Debug\link.6592.write.1.tlog
C:\Users\Scott\documents\visual studio 2012\Projects\2d_Framework\2d_Framework\Debug\link.6868-cvtres.read.1.tlog
C:\Users\Scott\documents\visual studio 2012\Projects\2d_Framework\2d_Framework\Debug\link.6868-cvtres.write.1.tlog
C:\Users\Scott\documents\visual studio 2012\Projects\2d_Framework\2d_Framework\Debug\link.6868-rc.read.1.tlog
C:\Users\Scott\documents\visual studio 2012\Projects\2d_Framework\2d_Framework\Debug\link.6868-rc.write.1.tlog
C:\Users\Scott\documents\visual studio 2012\Projects\2d_Framework\2d_Framework\Debug\link.6868.read.1.tlog
C:\Users\Scott\documents\visual studio 2012\Projects\2d_Framework\2d_Framework\Debug\link.6868.write.1.tlog
C:\Users\Scott\documents\visual studio 2012\Projects\2d_Framework\2d_Framework\Debug\link.7080-cvtres.read.1.tlog
C:\Users\Scott\documents\visual studio 2012\Projects\2d_Framework\2d_Framework\Debug\link.7080-cvtres.write.1.tlog
C:\Users\Scott\documents\visual studio 2012\Projects\2d_Framework\2d_Framework\Debug\link.7080-rc.read.1.tlog
C:\Users\Scott\documents\visual studio 2012\Projects\2d_Framework\2d_Framework\Debug\link.7080-rc.write.1.tlog
C:\Users\Scott\documents\visual studio 2012\Projects\2d_Framework\2d_Framework\Debug\link.7080.read.1.tlog
C:\Users\Scott\documents\visual studio 2012\Projects\2d_Framework\2d_Framework\Debug\link.7080.write.1.tlog
C:\Users\Scott\documents\visual studio 2012\Projects\2d_Framework\2d_Framework\Debug\link.7212-cvtres.read.1.tlog
C:\Users\Scott\documents\visual studio 2012\Projects\2d_Framework\2d_Framework\Debug\link.7212-cvtres.write.1.tlog
C:\Users\Scott\documents\visual studio 2012\Projects\2d_Framework\2d_Framework\Debug\link.7212-rc.read.1.tlog
C:\Users\Scott\documents\visual studio 2012\Projects\2d_Framework\2d_Framework\Debug\link.7212-rc.write.1.tlog
C:\Users\Scott\documents\visual studio 2012\Projects\2d_Framework\2d_Framework\Debug\link.7212.read.1.tlog
C:\Users\Scott\documents\visual studio 2012\Projects\2d_Framework\2d_Framework\Debug\link.7212.write.1.tlog
C:\Users\Scott\documents\visual studio 2012\Projects\2d_Framework\2d_Framework\Debug\link.7276-cvtres.read.1.tlog
C:\Users\Scott\documents\visual studio 2012\Projects\2d_Framework\2d_Framework\Debug\link.7276-cvtres.write.1.tlog
C:\Users\Scott\documents\visual studio 2012\Projects\2d_Framework\2d_Framework\Debug\link.7276-rc.read.1.tlog
C:\Users\Scott\documents\visual studio 2012\Projects\2d_Framework\2d_Framework\Debug\link.7276-rc.write.1.tlog
C:\Users\Scott\documents\visual studio 2012\Projects\2d_Framework\2d_Framework\Debug\link.7276.read.1.tlog
C:\Users\Scott\documents\visual studio 2012\Projects\2d_Framework\2d_Framework\Debug\link.7276.write.1.tlog
C:\Users\Scott\documents\visual studio 2012\Projects\2d_Framework\2d_Framework\Debug\link.8220-cvtres.read.1.tlog
C:\Users\Scott\documents\visual studio 2012\Projects\2d_Framework\2d_Framework\Debug\link.8220-cvtres.write.1.tlog
C:\Users\Scott\documents\visual studio 2012\Projects\2d_Framework\2d_Framework\Debug\link.8220-rc.read.1.tlog
C:\Users\Scott\documents\visual studio 2012\Projects\2d_Framework\2d_Framework\Debug\link.8220-rc.write.1.tlog
C:\Users\Scott\documents\visual studio 2012\Projects\2d_Framework\2d_Framework\Debug\link.8220.read.1.tlog
C:\Users\Scott\documents\visual studio 2012\Projects\2d_Framework\2d_Framework\Debug\link.8220.write.1.tlog
C:\Users\Scott\documents\visual studio 2012\Projects\2d_Framework\2d_Framework\Debug\link.8588-cvtres.read.1.tlog
C:\Users\Scott\documents\visual studio 2012\Projects\2d_Framework\2d_Framework\Debug\link.8588-cvtres.write.1.tlog
C:\Users\Scott\documents\visual studio 2012\Projects\2d_Framework\2d_Framework\Debug\link.8588-rc.read.1.tlog
C:\Users\Scott\documents\visual studio 2012\Projects\2d_Framework\2d_Framework\Debug\link.8588-rc.write.1.tlog
C:\Users\Scott\documents\visual studio 2012\Projects\2d_Framework\2d_Framework\Debug\link.8588.read.1.tlog
C:\Users\Scott\documents\visual studio 2012\Projects\2d_Framework\2d_Framework\Debug\link.8588.write.1.tlog
C:\Users\Scott\documents\visual studio 2012\Projects\2d_Framework\2d_Framework\Debug\link.8960-cvtres.read.1.tlog
C:\Users\Scott\documents\visual studio 2012\Projects\2d_Framework\2d_Framework\Debug\link.8960-cvtres.write.1.tlog
C:\Users\Scott\documents\visual studio 2012\Projects\2d_Framework\2d_Framework\Debug\link.8960-rc.read.1.tlog
C:\Users\Scott\documents\visual studio 2012\Projects\2d_Framework\2d_Framework\Debug\link.8960-rc.write.1.tlog
C:\Users\Scott\documents\visual studio 2012\Projects\2d_Framework\2d_Framework\Debug\link.8960.read.1.tlog
C:\Users\Scott\documents\visual studio 2012\Projects\2d_Framework\2d_Framework\Debug\link.8960.write.1.tlog
C:\Users\Scott\documents\visual studio 2012\Projects\2d_Framework\2d_Framework\Debug\link.9352-cvtres.read.1.tlog
C:\Users\Scott\documents\visual studio 2012\Projects\2d_Framework\2d_Framework\Debug\link.9352-cvtres.write.1.tlog
C:\Users\Scott\documents\visual studio 2012\Projects\2d_Framework\2d_Framework\Debug\link.9352-rc.read.1.tlog
C:\Users\Scott\documents\visual studio 2012\Projects\2d_Framework\2d_Framework\Debug\link.9352-rc.write.1.tlog
C:\Users\Scott\documents\visual studio 2012\Projects\2d_Framework\2d_Framework\Debug\link.9352.read.1.tlog
C:\Users\Scott\documents\visual studio 2012\Projects\2d_Framework\2d_Framework\Debug\link.9352.write.1.tlog
C:\Users\Scott\documents\visual studio 2012\Projects\2d_Framework\2d_Framework\Debug\link.9400-cvtres.read.1.tlog
C:\Users\Scott\documents\visual studio 2012\Projects\2d_Framework\2d_Framework\Debug\link.9400-cvtres.write.1.tlog
C:\Users\Scott\documents\visual studio 2012\Projects\2d_Framework\2d_Framework\Debug\link.9400-rc.read.1.tlog
C:\Users\Scott\documents\visual studio 2012\Projects\2d_Framework\2d_Framework\Debug\link.9400-rc.write.1.tlog
C:\Users\Scott\documents\visual studio 2012\Projects\2d_Framework\2d_Framework\Debug\link.9400.read.1.tlog
C:\Users\Scott\documents\visual studio 2012\Projects\2d_Framework\2d_Framework\Debug\link.9400.write.1.tlog
C:\Users\Scott\documents\visual studio 2012\Projects\2d_Framework\2d_Framework\Debug\link.9788-cvtres.read.1.tlog
C:\Users\Scott\documents\visual studio 2012\Projects\2d_Framework\2d_Framework\Debug\link.9788-cvtres.write.1.tlog
C:\Users\Scott\documents\visual studio 2012\Projects\2d_Framework\2d_Framework\Debug\link.9788-rc.read.1.tlog
C:\Users\Scott\documents\visual studio 2012\Projects\2d_Framework\2d_Framework\Debug\link.9788-rc.write.1.tlog
C:\Users\Scott\documents\visual studio 2012\Projects\2d_Framework\2d_Framework\Debug\link.9788.read.1.tlog
C:\Users\Scott\documents\visual studio 2012\Projects\2d_Framework\2d_Framework\Debug\link.9788.write.1.tlog
C:\Users\Scott\documents\visual studio 2012\Projects\2d_Framework\2d_Framework\Debug\link.9912-cvtres.read.1.tlog
C:\Users\Scott\documents\visual studio 2012\Projects\2d_Framework\2d_Framework\Debug\link.9912-cvtres.write.1.tlog
C:\Users\Scott\documents\visual studio 2012\Projects\2d_Framework\2d_Framework\Debug\link.9912-rc.read.1.tlog
C:\Users\Scott\documents\visual studio 2012\Projects\2d_Framework\2d_Framework\Debug\link.9912-rc.write.1.tlog
C:\Users\Scott\documents\visual studio 2012\Projects\2d_Framework\2d_Framework\Debug\link.9912.read.1.tlog
C:\Users\Scott\documents\visual studio 2012\Projects\2d_Framework\2d_Framework\Debug\link.9912.write.1.tlog
C:\Users\Scott\documents\visual studio 2012\Projects\2d_Framework\2d_Framework\Debug\link.9944-cvtres.read.1.tlog
C:\Users\Scott\documents\visual studio 2012\Projects\2d_Framework\2d_Framework\Debug\link.9944-cvtres.write.1.tlog
C:\Users\Scott\documents\visual studio 2012\Projects\2d_Framework\2d_Framework\Debug\link.9944-rc.read.1.tlog
C:\Users\Scott\documents\visual studio 2012\Projects\2d_Framework\2d_Framework\Debug\link.9944-rc.write.1.tlog
C:\Users\Scott\documents\visual studio 2012\Projects\2d_Framework\2d_Framework\Debug\link.9944.read.1.tlog
C:\Users\Scott\documents\visual studio 2012\Projects\2d_Framework\2d_Framework\Debug\link.9944.write.1.tlog
C:\Users\Scott\documents\visual studio 2012\Projects\2d_Framework\2d_Framework\Debug\link.command.1.tlog
C:\Users\Scott\documents\visual studio 2012\Projects\2d_Framework\2d_Framework\Debug\link.read.1.tlog
C:\Users\Scott\documents\visual studio 2012\Projects\2d_Framework\2d_Framework\Debug\link.write.1.tlog
C:\Users\Scott\documents\visual studio 2012\Projects\2d_Framework\2d_Framework\Debug\NativeCodeAnalysis.read.1.tlog
C:\Users\Scott\documents\visual studio 2012\Projects\2d_Framework\2d_Framework\Debug\vc110.idb
C:\Users\Scott\documents\visual studio 2012\Projects\2d_Framework\2d_Framework\Debug\vc110.pdb
C:\Users\Scott\documents\visual studio 2012\Projects\2d_Framework\2d_Framework\Debug\Camera.cpp.nativecodeanalysis.xml
C:\Users\Scott\documents\visual studio 2012\Projects\2d_Framework\2d_Framework\Debug\Chunk.cpp.nativecodeanalysis.xml
C:\Users\Scott\documents\visual studio 2012\Projects\2d_Framework\2d_Framework\Debug\ChunkManager.cpp.nativecodeanalysis.xml
C:\Users\Scott\documents\visual studio 2012\Projects\2d_Framework\2d_Framework\Debug\Clock.cpp.nativecodeanalysis.xml
C:\Users\Scott\documents\visual studio 2012\Projects\2d_Framework\2d_Framework\Debug\Entity.cpp.nativecodeanalysis.xml
C:\Users\Scott\documents\visual studio 2012\Projects\2d_Framework\2d_Framework\Debug\FinleHelper.cpp.nativecodeanalysis.xml
C:\Users\Scott\documents\visual studio 2012\Projects\2d_Framework\2d_Framework\Debug\FirstPersonController.cpp.nativecodeanalysis.xml
C:\Users\Scott\documents\visual studio 2012\Projects\2d_Framework\2d_Framework\Debug\Frustum.cpp.nativecodeanalysis.xml
C:\Users\Scott\documents\visual studio 2012\Projects\2d_Framework\2d_Framework\Debug\Graphics.cpp.nativecodeanalysis.xml
C:\Users\Scott\documents\visual studio 2012\Projects\2d_Framework\2d_Framework\Debug\main.cpp.nativecodeanalysis.xml
C:\Users\Scott\documents\visual studio 2012\Projects\2d_Framework\2d_Framework\Debug\Mesh.cpp.nativecodeanalysis.xml
C:\Users\Scott\documents\visual studio 2012\Projects\2d_Framework\2d_Framework\Debug\Rectangle.cpp.nativecodeanalysis.xml
C:\Users\Scott\documents\visual studio 2012\Projects\2d_Framework\2d_Framework\Debug\SimplexNoise1234.cpp.nativecodeanalysis.xml
C:\Users\Scott\documents\visual studio 2012\Projects\2d_Framework\2d_Framework\Debug\vc.nativecodeanalysis.all.xml
C:\Users\Scott\documents\visual studio 2012\Projects\2d_Framework\2d_Framework\Debug\Vector2.cpp.nativecodeanalysis.xml
C:\Users\Scott\documents\visual studio 2012\Projects\2d_Framework\2d_Framework\Debug\World.cpp.nativecodeanalysis.xml
C:\Users\Scott\documents\visual studio 2012\Projects\2d_Framework\Debug\2d_Framework.pdb
C:\Users\Scott\documents\visual studio 2012\Projects\2d_Framework\Debug\2d_Framework.exe
C:\Users\Scott\documents\visual studio 2012\Projects\2d_Framework\Debug\2d_Framework.ilk
C:\Users\Scott\documents\visual studio 2012\Projects\2d_Framework\Debug\2d_Framework.exe.lastcodeanalysissucceeded
