Build started 26/04/2015 19:42:40.
     1>Project "C:\Users\Scott\documents\visual studio 2012\Projects\2d_Framework\2d_Framework\2d_Framework.vcxproj" on node 2 (Build target(s)).
     1>ClCompile:
         E:\Program Files (x86)\Microsoft Visual Studio 11.0\VC\bin\CL.exe /c /ZI /nologo /W3 /WX- /Od /Oy- /D CODE_ANALYSIS /D _MBCS /Gm /EHsc /RTC1 /MDd /GS /fp:precise /Zc:wchar_t /Zc:forScope /Fo"Debug\\" /Fd"Debug\vc110.pdb" /Gd /TP /analyze /analyze:log "Debug\Graphics.cpp.nativecodeanalysis.xml" /analyze:pluginlocalespc.dll /errorReport:prompt   /analyze:quiet Graphics.cpp
         Graphics.cpp
     1>c:\users\scott\documents\visual studio 2012\projects\2d_framework\2d_framework\graphics.cpp(268): warning C4244: 'argument' : conversion from 'int' to 'GLfloat', possible loss of data
     1>c:\users\scott\documents\visual studio 2012\projects\2d_framework\2d_framework\graphics.cpp(269): warning C4244: 'argument' : conversion from 'int' to 'GLfloat', possible loss of data
     1>c:\users\scott\documents\visual studio 2012\projects\2d_framework\2d_framework\graphics.cpp(270): warning C4244: 'argument' : conversion from 'int' to 'GLfloat', possible loss of data
     1>c:\users\scott\documents\visual studio 2012\projects\2d_framework\2d_framework\graphics.cpp(271): warning C4244: 'argument' : conversion from 'int' to 'GLfloat', possible loss of data
     1>c:\users\scott\documents\visual studio 2012\projects\2d_framework\2d_framework\graphics.cpp(272): warning C4244: 'argument' : conversion from 'int' to 'GLfloat', possible loss of data
       Link:
         E:\Program Files (x86)\Microsoft Visual Studio 11.0\VC\bin\link.exe /ERRORREPORT:PROMPT /OUT:"C:\Users\Scott\documents\visual studio 2012\Projects\2d_Framework\Debug\2d_Framework.exe" /INCREMENTAL /NOLOGO SDL2.lib SDL2main.lib SDL2_image.lib SDL2_ttf.lib glew32.lib opengl32.lib kernel32.lib user32.lib gdi32.lib winspool.lib comdlg32.lib advapi32.lib shell32.lib ole32.lib oleaut32.lib uuid.lib odbc32.lib odbccp32.lib /MANIFEST /MANIFESTUAC:"level='asInvoker' uiAccess='false'" /manifest:embed /DEBUG /PDB:"C:\Users\Scott\documents\visual studio 2012\Projects\2d_Framework\Debug\2d_Framework.pdb" /SUBSYSTEM:CONSOLE /TLBID:1 /DYNAMICBASE /NXCOMPAT /IMPLIB:"C:\Users\Scott\documents\visual studio 2012\Projects\2d_Framework\Debug\2d_Framework.lib" /MACHINE:X86 Debug\Camera.obj
         Debug\Chunk.obj
         Debug\ChunkManager.obj
         Debug\Clock.obj
         Debug\Entity.obj
         Debug\FinleHelper.obj
         Debug\FirstPersonController.obj
         Debug\Frustum.obj
         Debug\Graphics.obj
         Debug\main.obj
         Debug\Mesh.obj
         Debug\Rectangle.obj
         Debug\SimplexNoise1234.obj
         Debug\Vector2.obj
         Debug\World.obj
         2d_Framework.vcxproj -> C:\Users\Scott\documents\visual studio 2012\Projects\2d_Framework\Debug\2d_Framework.exe
     1>Done Building Project "C:\Users\Scott\documents\visual studio 2012\Projects\2d_Framework\2d_Framework\2d_Framework.vcxproj" (Build target(s)).

Build succeeded.

Time Elapsed 00:00:10.59
