C:\USERS\SCOTT\DOCUMENTS\VISUAL STUDIO 2012\PROJECTS\2D_FRAMEWORK\2D_FRAMEWORK\DEBUG\CAMERA.CPP.NATIVECODEANALYSIS.XML
C:\USERS\SCOTT\DOCUMENTS\VISUAL STUDIO 2012\PROJECTS\2D_FRAMEWORK\2D_FRAMEWORK\DEBUG\CAMERA.OBJ
C:\USERS\SCOTT\DOCUMENTS\VISUAL STUDIO 2012\PROJECTS\2D_FRAMEWORK\2D_FRAMEWORK\DEBUG\VC110.PDB
C:\USERS\SCOTT\DOCUMENTS\VISUAL STUDIO 2012\PROJECTS\2D_FRAMEWORK\2D_FRAMEWORK\DEBUG\CHUNK.CPP.NATIVECODEANALYSIS.XML
C:\USERS\SCOTT\DOCUMENTS\VISUAL STUDIO 2012\PROJECTS\2D_FRAMEWORK\2D_FRAMEWORK\DEBUG\CHUNK.OBJ
C:\USERS\SCOTT\DOCUMENTS\VISUAL STUDIO 2012\PROJECTS\2D_FRAMEWORK\2D_FRAMEWORK\DEBUG\CHUNKMANAGER.CPP.NATIVECODEANALYSIS.XML
C:\USERS\SCOTT\DOCUMENTS\VISUAL STUDIO 2012\PROJECTS\2D_FRAMEWORK\2D_FRAMEWORK\DEBUG\CHUNKMANAGER.OBJ
C:\USERS\SCOTT\DOCUMENTS\VISUAL STUDIO 2012\PROJECTS\2D_FRAMEWORK\2D_FRAMEWORK\DEBUG\CLOCK.CPP.NATIVECODEANALYSIS.XML
C:\USERS\SCOTT\DOCUMENTS\VISUAL STUDIO 2012\PROJECTS\2D_FRAMEWORK\2D_FRAMEWORK\DEBUG\CLOCK.OBJ
C:\USERS\SCOTT\DOCUMENTS\VISUAL STUDIO 2012\PROJECTS\2D_FRAMEWORK\2D_FRAMEWORK\DEBUG\FINLEHELPER.CPP.NATIVECODEANALYSIS.XML
C:\USERS\SCOTT\DOCUMENTS\VISUAL STUDIO 2012\PROJECTS\2D_FRAMEWORK\2D_FRAMEWORK\DEBUG\FINLEHELPER.OBJ
C:\USERS\SCOTT\DOCUMENTS\VISUAL STUDIO 2012\PROJECTS\2D_FRAMEWORK\2D_FRAMEWORK\DEBUG\FIRSTPERSONCONTROLLER.CPP.NATIVECODEANALYSIS.XML
C:\USERS\SCOTT\DOCUMENTS\VISUAL STUDIO 2012\PROJECTS\2D_FRAMEWORK\2D_FRAMEWORK\DEBUG\FIRSTPERSONCONTROLLER.OBJ
C:\USERS\SCOTT\DOCUMENTS\VISUAL STUDIO 2012\PROJECTS\2D_FRAMEWORK\2D_FRAMEWORK\DEBUG\FRUSTUM.CPP.NATIVECODEANALYSIS.XML
C:\USERS\SCOTT\DOCUMENTS\VISUAL STUDIO 2012\PROJECTS\2D_FRAMEWORK\2D_FRAMEWORK\DEBUG\FRUSTUM.OBJ
C:\USERS\SCOTT\DOCUMENTS\VISUAL STUDIO 2012\PROJECTS\2D_FRAMEWORK\2D_FRAMEWORK\DEBUG\GRAPHICS.CPP.NATIVECODEANALYSIS.XML
C:\USERS\SCOTT\DOCUMENTS\VISUAL STUDIO 2012\PROJECTS\2D_FRAMEWORK\2D_FRAMEWORK\DEBUG\GRAPHICS.OBJ
C:\USERS\SCOTT\DOCUMENTS\VISUAL STUDIO 2012\PROJECTS\2D_FRAMEWORK\2D_FRAMEWORK\DEBUG\MAIN.CPP.NATIVECODEANALYSIS.XML
C:\USERS\SCOTT\DOCUMENTS\VISUAL STUDIO 2012\PROJECTS\2D_FRAMEWORK\2D_FRAMEWORK\DEBUG\MAIN.OBJ
C:\USERS\SCOTT\DOCUMENTS\VISUAL STUDIO 2012\PROJECTS\2D_FRAMEWORK\2D_FRAMEWORK\DEBUG\MATRIXOPERATIONS.CPP.NATIVECODEANALYSIS.XML
C:\USERS\SCOTT\DOCUMENTS\VISUAL STUDIO 2012\PROJECTS\2D_FRAMEWORK\2D_FRAMEWORK\DEBUG\MATRIXOPERATIONS.OBJ
C:\USERS\SCOTT\DOCUMENTS\VISUAL STUDIO 2012\PROJECTS\2D_FRAMEWORK\2D_FRAMEWORK\DEBUG\MESH.CPP.NATIVECODEANALYSIS.XML
C:\USERS\SCOTT\DOCUMENTS\VISUAL STUDIO 2012\PROJECTS\2D_FRAMEWORK\2D_FRAMEWORK\DEBUG\MESH.OBJ
C:\USERS\SCOTT\DOCUMENTS\VISUAL STUDIO 2012\PROJECTS\2D_FRAMEWORK\2D_FRAMEWORK\DEBUG\SIMPLEXNOISE1234.CPP.NATIVECODEANALYSIS.XML
C:\USERS\SCOTT\DOCUMENTS\VISUAL STUDIO 2012\PROJECTS\2D_FRAMEWORK\2D_FRAMEWORK\DEBUG\SIMPLEXNOISE1234.OBJ
C:\USERS\SCOTT\DOCUMENTS\VISUAL STUDIO 2012\PROJECTS\2D_FRAMEWORK\2D_FRAMEWORK\DEBUG\WORLD.CPP.NATIVECODEANALYSIS.XML
C:\USERS\SCOTT\DOCUMENTS\VISUAL STUDIO 2012\PROJECTS\2D_FRAMEWORK\2D_FRAMEWORK\DEBUG\WORLD.OBJ
C:\USERS\SCOTT\DOCUMENTS\VISUAL STUDIO 2012\PROJECTS\2D_FRAMEWORK\DEBUG\MINECRAFT_COPY.ILK
C:\USERS\SCOTT\DOCUMENTS\VISUAL STUDIO 2012\PROJECTS\2D_FRAMEWORK\DEBUG\MINECRAFT_COPY.EXE
C:\USERS\SCOTT\DOCUMENTS\VISUAL STUDIO 2012\PROJECTS\2D_FRAMEWORK\DEBUG\MINECRAFT_COPY.PDB
C:\Users\Scott\Documents\Visual Studio 2012\Projects\2d_Framework\2d_Framework\Debug\Camera.obj
C:\Users\Scott\Documents\Visual Studio 2012\Projects\2d_Framework\2d_Framework\Debug\Chunk.obj
C:\Users\Scott\Documents\Visual Studio 2012\Projects\2d_Framework\2d_Framework\Debug\ChunkManager.obj
C:\Users\Scott\Documents\Visual Studio 2012\Projects\2d_Framework\2d_Framework\Debug\Clock.obj
C:\Users\Scott\Documents\Visual Studio 2012\Projects\2d_Framework\2d_Framework\Debug\FinleHelper.obj
C:\Users\Scott\Documents\Visual Studio 2012\Projects\2d_Framework\2d_Framework\Debug\FirstPersonController.obj
C:\Users\Scott\Documents\Visual Studio 2012\Projects\2d_Framework\2d_Framework\Debug\Frustum.obj
C:\Users\Scott\Documents\Visual Studio 2012\Projects\2d_Framework\2d_Framework\Debug\Graphics.obj
C:\Users\Scott\Documents\Visual Studio 2012\Projects\2d_Framework\2d_Framework\Debug\main.obj
C:\Users\Scott\Documents\Visual Studio 2012\Projects\2d_Framework\2d_Framework\Debug\MatrixOperations.obj
C:\Users\Scott\Documents\Visual Studio 2012\Projects\2d_Framework\2d_Framework\Debug\Mesh.obj
C:\Users\Scott\Documents\Visual Studio 2012\Projects\2d_Framework\2d_Framework\Debug\SimplexNoise1234.obj
C:\Users\Scott\Documents\Visual Studio 2012\Projects\2d_Framework\2d_Framework\Debug\World.obj
C:\Users\Scott\Documents\Visual Studio 2012\Projects\2d_Framework\2d_Framework\Debug\cl.command.1.tlog
C:\Users\Scott\Documents\Visual Studio 2012\Projects\2d_Framework\2d_Framework\Debug\CL.read.1.tlog
C:\Users\Scott\Documents\Visual Studio 2012\Projects\2d_Framework\2d_Framework\Debug\CL.write.1.tlog
C:\Users\Scott\Documents\Visual Studio 2012\Projects\2d_Framework\2d_Framework\Debug\link-cvtres.read.1.tlog
C:\Users\Scott\Documents\Visual Studio 2012\Projects\2d_Framework\2d_Framework\Debug\link-cvtres.write.1.tlog
C:\Users\Scott\Documents\Visual Studio 2012\Projects\2d_Framework\2d_Framework\Debug\link-rc.read.1.tlog
C:\Users\Scott\Documents\Visual Studio 2012\Projects\2d_Framework\2d_Framework\Debug\link-rc.write.1.tlog
C:\Users\Scott\Documents\Visual Studio 2012\Projects\2d_Framework\2d_Framework\Debug\link.command.1.tlog
C:\Users\Scott\Documents\Visual Studio 2012\Projects\2d_Framework\2d_Framework\Debug\link.read.1.tlog
C:\Users\Scott\Documents\Visual Studio 2012\Projects\2d_Framework\2d_Framework\Debug\link.write.1.tlog
C:\Users\Scott\Documents\Visual Studio 2012\Projects\2d_Framework\2d_Framework\Debug\NativeCodeAnalysis.read.1.tlog
C:\Users\Scott\Documents\Visual Studio 2012\Projects\2d_Framework\2d_Framework\Debug\vc110.idb
C:\Users\Scott\Documents\Visual Studio 2012\Projects\2d_Framework\2d_Framework\Debug\vc110.pdb
C:\Users\Scott\Documents\Visual Studio 2012\Projects\2d_Framework\2d_Framework\Debug\Camera.cpp.nativecodeanalysis.xml
C:\Users\Scott\Documents\Visual Studio 2012\Projects\2d_Framework\2d_Framework\Debug\Chunk.cpp.nativecodeanalysis.xml
C:\Users\Scott\Documents\Visual Studio 2012\Projects\2d_Framework\2d_Framework\Debug\ChunkManager.cpp.nativecodeanalysis.xml
C:\Users\Scott\Documents\Visual Studio 2012\Projects\2d_Framework\2d_Framework\Debug\Clock.cpp.nativecodeanalysis.xml
C:\Users\Scott\Documents\Visual Studio 2012\Projects\2d_Framework\2d_Framework\Debug\FinleHelper.cpp.nativecodeanalysis.xml
C:\Users\Scott\Documents\Visual Studio 2012\Projects\2d_Framework\2d_Framework\Debug\FirstPersonController.cpp.nativecodeanalysis.xml
C:\Users\Scott\Documents\Visual Studio 2012\Projects\2d_Framework\2d_Framework\Debug\Frustum.cpp.nativecodeanalysis.xml
C:\Users\Scott\Documents\Visual Studio 2012\Projects\2d_Framework\2d_Framework\Debug\Graphics.cpp.nativecodeanalysis.xml
C:\Users\Scott\Documents\Visual Studio 2012\Projects\2d_Framework\2d_Framework\Debug\main.cpp.nativecodeanalysis.xml
C:\Users\Scott\Documents\Visual Studio 2012\Projects\2d_Framework\2d_Framework\Debug\MatrixOperations.cpp.nativecodeanalysis.xml
C:\Users\Scott\Documents\Visual Studio 2012\Projects\2d_Framework\2d_Framework\Debug\Mesh.cpp.nativecodeanalysis.xml
C:\Users\Scott\Documents\Visual Studio 2012\Projects\2d_Framework\2d_Framework\Debug\SimplexNoise1234.cpp.nativecodeanalysis.xml
C:\Users\Scott\Documents\Visual Studio 2012\Projects\2d_Framework\2d_Framework\Debug\vc.nativecodeanalysis.all.xml
C:\Users\Scott\Documents\Visual Studio 2012\Projects\2d_Framework\2d_Framework\Debug\World.cpp.nativecodeanalysis.xml
C:\Users\Scott\Documents\Visual Studio 2012\Projects\2d_Framework\Debug\Minecraft_copy.pdb
C:\Users\Scott\Documents\Visual Studio 2012\Projects\2d_Framework\Debug\Minecraft_copy.exe
C:\Users\Scott\Documents\Visual Studio 2012\Projects\2d_Framework\Debug\Minecraft_copy.ilk
C:\Users\Scott\Documents\Visual Studio 2012\Projects\2d_Framework\Debug\Minecraft_copy.exe.lastcodeanalysissucceeded
