Build started 11/18/2015 15:33:10.
     1>Project "C:\Users\Scott\Documents\Visual Studio 2012\Projects\2d_Framework\2d_Framework\Minecraft_copy.vcxproj" on node 2 (Build target(s)).
     1>ClCompile:
         E:\Program Files (x86)\Microsoft Visual Studio 11.0\VC\bin\CL.exe /c /ZI /nologo /W3 /WX- /Od /Oy- /D CODE_ANALYSIS /D _MBCS /Gm /EHsc /RTC1 /MDd /GS /fp:precise /Zc:wchar_t /Zc:forScope /Fo"Debug\\" /Fd"Debug\vc110.pdb" /Gd /TP /analyze /analyze:log "Debug\Graphics.cpp.nativecodeanalysis.xml" /analyze:pluginlocalespc.dll /errorReport:prompt   /analyze:quiet Graphics.cpp
         Graphics.cpp
       Link:
         E:\Program Files (x86)\Microsoft Visual Studio 11.0\VC\bin\link.exe /ERRORREPORT:PROMPT /OUT:"C:\Users\Scott\Documents\Visual Studio 2012\Projects\2d_Framework\Debug\Minecraft_copy.exe" /INCREMENTAL /NOLOGO /LIBPATH:"C:\Program Files (x86)\Windows Kits\8.0\Lib\win8\um\x86" SDL2.lib SDL2main.lib SDL2_image.lib SDL2_ttf.lib glew32.lib opengl32.lib kernel32.lib user32.lib gdi32.lib winspool.lib comdlg32.lib advapi32.lib shell32.lib ole32.lib oleaut32.lib uuid.lib odbc32.lib odbccp32.lib /MANIFEST /MANIFESTUAC:"level='asInvoker' uiAccess='false'" /manifest:embed /DEBUG /PDB:"C:\Users\Scott\Documents\Visual Studio 2012\Projects\2d_Framework\Debug\Minecraft_copy.pdb" /SUBSYSTEM:CONSOLE /TLBID:1 /DYNAMICBASE /NXCOMPAT /IMPLIB:"C:\Users\Scott\Documents\Visual Studio 2012\Projects\2d_Framework\Debug\Minecraft_copy.lib" /MACHINE:X86 /PROFILE Debug\Camera.obj
         Debug\Chunk.obj
         Debug\ChunkManager.obj
         Debug\Clock.obj
         Debug\FinleHelper.obj
         Debug\FirstPersonController.obj
         Debug\Frustum.obj
         Debug\Graphics.obj
         Debug\main.obj
         Debug\Mesh.obj
         Debug\SimplexNoise1234.obj
         Debug\World.obj
     1>LINK : warning LNK4075: ignoring '/INCREMENTAL' due to '/PROFILE' specification
     1>Camera.obj : warning LNK4075: ignoring '/EDITANDCONTINUE' due to '/OPT:LBR' specification
     1>MSVCRTD.lib(cinitexe.obj) : warning LNK4098: defaultlib 'msvcrt.lib' conflicts with use of other libs; use /NODEFAULTLIB:library
         Minecraft_copy.vcxproj -> C:\Users\Scott\Documents\Visual Studio 2012\Projects\2d_Framework\Debug\Minecraft_copy.exe
     1>Done Building Project "C:\Users\Scott\Documents\Visual Studio 2012\Projects\2d_Framework\2d_Framework\Minecraft_copy.vcxproj" (Build target(s)).

Build succeeded.

Time Elapsed 00:00:11.62
